2025-02-16T16:21:17.879+01:00  INFO 5372 --- [myapp] [main] com.itacadam.myapp.MyappApplication      : Starting MyappApplication using Java 23.0.2 with PID 5372 (C:\Repos\EjemplosDAM\ProyectoADDI\DAMFinal\BE_API\target\classes started by luser in C:\Repos\EjemplosDAM\ProyectoADDI\DAMFinal)
2025-02-16T16:21:17.881+01:00  INFO 5372 --- [myapp] [main] com.itacadam.myapp.MyappApplication      : No active profile set, falling back to 1 default profile: "default"
2025-02-16T16:21:18.533+01:00  INFO 5372 --- [myapp] [main] .s.d.r.c.RepositoryConfigurationDelegate : Bootstrapping Spring Data JPA repositories in DEFAULT mode.
2025-02-16T16:21:18.597+01:00  INFO 5372 --- [myapp] [main] .s.d.r.c.RepositoryConfigurationDelegate : Finished Spring Data repository scanning in 55 ms. Found 3 JPA repository interfaces.
2025-02-16T16:21:19.170+01:00  INFO 5372 --- [myapp] [main] o.s.b.w.embedded.tomcat.TomcatWebServer  : Tomcat initialized with port 8080 (http)
2025-02-16T16:21:19.187+01:00  INFO 5372 --- [myapp] [main] o.apache.catalina.core.StandardService   : Starting service [Tomcat]
2025-02-16T16:21:19.188+01:00  INFO 5372 --- [myapp] [main] o.apache.catalina.core.StandardEngine    : Starting Servlet engine: [Apache Tomcat/10.1.34]
2025-02-16T16:21:19.262+01:00  INFO 5372 --- [myapp] [main] o.a.c.c.C.[Tomcat].[localhost].[/]       : Initializing Spring embedded WebApplicationContext
2025-02-16T16:21:19.263+01:00  INFO 5372 --- [myapp] [main] w.s.c.ServletWebServerApplicationContext : Root WebApplicationContext: initialization completed in 1324 ms
2025-02-16T16:21:19.432+01:00  INFO 5372 --- [myapp] [main] o.hibernate.jpa.internal.util.LogHelper  : HHH000204: Processing PersistenceUnitInfo [name: default]
2025-02-16T16:21:19.493+01:00  INFO 5372 --- [myapp] [main] org.hibernate.Version                    : HHH000412: Hibernate ORM core version 6.6.5.Final
2025-02-16T16:21:19.527+01:00  INFO 5372 --- [myapp] [main] o.h.c.internal.RegionFactoryInitiator    : HHH000026: Second-level cache disabled
2025-02-16T16:21:19.801+01:00  INFO 5372 --- [myapp] [main] o.s.o.j.p.SpringPersistenceUnitInfo      : No LoadTimeWeaver setup: ignoring JPA class transformer
2025-02-16T16:21:19.830+01:00  INFO 5372 --- [myapp] [main] com.zaxxer.hikari.HikariDataSource       : HikariPool-1 - Starting...
2025-02-16T16:21:20.169+01:00  INFO 5372 --- [myapp] [main] com.zaxxer.hikari.pool.HikariPool        : HikariPool-1 - Added connection com.mysql.cj.jdbc.ConnectionImpl@77856cc5
2025-02-16T16:21:20.172+01:00  INFO 5372 --- [myapp] [main] com.zaxxer.hikari.HikariDataSource       : HikariPool-1 - Start completed.
2025-02-16T16:21:20.215+01:00  WARN 5372 --- [myapp] [main] org.hibernate.orm.deprecation            : HHH90000025: MySQL8Dialect does not need to be specified explicitly using 'hibernate.dialect' (remove the property setting and it will be selected by default)
2025-02-16T16:21:20.217+01:00  WARN 5372 --- [myapp] [main] org.hibernate.orm.deprecation            : HHH90000026: MySQL8Dialect has been deprecated; use org.hibernate.dialect.MySQLDialect instead
2025-02-16T16:21:20.239+01:00  INFO 5372 --- [myapp] [main] org.hibernate.orm.connections.pooling    : HHH10001005: Database info:
	Database JDBC URL [Connecting through datasource 'HikariDataSource (HikariPool-1)']
	Database driver: undefined/unknown
	Database version: 8.0
	Autocommit mode: undefined/unknown
	Isolation level: undefined/unknown
	Minimum pool size: undefined/unknown
	Maximum pool size: undefined/unknown
2025-02-16T16:21:21.053+01:00  INFO 5372 --- [myapp] [main] o.h.e.t.j.p.i.JtaPlatformInitiator       : HHH000489: No JTA platform available (set 'hibernate.transaction.jta.platform' to enable JTA platform integration)
2025-02-16T16:21:21.099+01:00  INFO 5372 --- [myapp] [main] j.LocalContainerEntityManagerFactoryBean : Initialized JPA EntityManagerFactory for persistence unit 'default'
2025-02-16T16:21:21.472+01:00  WARN 5372 --- [myapp] [main] JpaBaseConfiguration$JpaWebConfiguration : spring.jpa.open-in-view is enabled by default. Therefore, database queries may be performed during view rendering. Explicitly configure spring.jpa.open-in-view to disable this warning
2025-02-16T16:21:21.559+01:00 DEBUG 5372 --- [myapp] [main] s.w.s.m.m.a.RequestMappingHandlerMapping : 14 mappings in 'requestMappingHandlerMapping'
2025-02-16T16:21:21.638+01:00 DEBUG 5372 --- [myapp] [main] o.s.w.s.handler.SimpleUrlHandlerMapping  : Patterns [/webjars/**, /**] in 'resourceHandlerMapping'
2025-02-16T16:21:21.667+01:00 DEBUG 5372 --- [myapp] [main] s.w.s.m.m.a.RequestMappingHandlerAdapter : ControllerAdvice beans: 0 @ModelAttribute, 0 @InitBinder, 1 RequestBodyAdvice, 1 ResponseBodyAdvice
2025-02-16T16:21:21.711+01:00 DEBUG 5372 --- [myapp] [main] .m.m.a.ExceptionHandlerExceptionResolver : ControllerAdvice beans: 0 @ExceptionHandler, 1 ResponseBodyAdvice
2025-02-16T16:21:21.811+01:00  INFO 5372 --- [myapp] [main] o.s.b.w.embedded.tomcat.TomcatWebServer  : Tomcat started on port 8080 (http) with context path '/'
2025-02-16T16:21:21.820+01:00  INFO 5372 --- [myapp] [main] com.itacadam.myapp.MyappApplication      : Started MyappApplication in 4.425 seconds (process running for 4.896)
2025-02-16T16:23:19.747+01:00  INFO 5372 --- [myapp] [http-nio-8080-exec-1] o.a.c.c.C.[Tomcat].[localhost].[/]       : Initializing Spring DispatcherServlet 'dispatcherServlet'
2025-02-16T16:23:19.747+01:00  INFO 5372 --- [myapp] [http-nio-8080-exec-1] o.s.web.servlet.DispatcherServlet        : Initializing Servlet 'dispatcherServlet'
2025-02-16T16:23:19.748+01:00 DEBUG 5372 --- [myapp] [http-nio-8080-exec-1] o.s.web.servlet.DispatcherServlet        : Detected StandardServletMultipartResolver
2025-02-16T16:23:19.749+01:00 DEBUG 5372 --- [myapp] [http-nio-8080-exec-1] o.s.web.servlet.DispatcherServlet        : Detected AcceptHeaderLocaleResolver
2025-02-16T16:23:19.749+01:00 DEBUG 5372 --- [myapp] [http-nio-8080-exec-1] o.s.web.servlet.DispatcherServlet        : Detected FixedThemeResolver
2025-02-16T16:23:19.751+01:00 DEBUG 5372 --- [myapp] [http-nio-8080-exec-1] o.s.web.servlet.DispatcherServlet        : Detected org.springframework.web.servlet.view.DefaultRequestToViewNameTranslator@22bca04e
2025-02-16T16:23:19.752+01:00 DEBUG 5372 --- [myapp] [http-nio-8080-exec-1] o.s.web.servlet.DispatcherServlet        : Detected org.springframework.web.servlet.support.SessionFlashMapManager@fef2768
2025-02-16T16:23:19.752+01:00 DEBUG 5372 --- [myapp] [http-nio-8080-exec-1] o.s.web.servlet.DispatcherServlet        : enableLoggingRequestDetails='false': request parameters and headers will be masked to prevent unsafe logging of potentially sensitive data
2025-02-16T16:23:19.753+01:00  INFO 5372 --- [myapp] [http-nio-8080-exec-1] o.s.web.servlet.DispatcherServlet        : Completed initialization in 5 ms
2025-02-16T16:23:19.763+01:00 DEBUG 5372 --- [myapp] [http-nio-8080-exec-1] o.s.web.servlet.DispatcherServlet        : GET "/api/v1/users/getall", parameters={}
2025-02-16T16:23:19.775+01:00 DEBUG 5372 --- [myapp] [http-nio-8080-exec-1] s.w.s.m.m.a.RequestMappingHandlerMapping : Mapped to com.itacadam.myapp.api.UserController#getAllUser()
2025-02-16T16:23:19.808+01:00  INFO 5372 --- [myapp] [http-nio-8080-exec-1] c.itacadam.myapp.services.UserService    : Listado de usuarios
2025-02-16T16:23:19.979+01:00 DEBUG 5372 --- [myapp] [http-nio-8080-exec-1] m.m.a.RequestResponseBodyMethodProcessor : Using 'application/json', given [*/*] and supported [application/json, application/*+json]
2025-02-16T16:23:19.981+01:00 DEBUG 5372 --- [myapp] [http-nio-8080-exec-1] m.m.a.RequestResponseBodyMethodProcessor : Writing [[com.itacadam.myapp.models.User@84106843, com.itacadam.myapp.models.User@4fd81994]]
2025-02-16T16:23:20.024+01:00 DEBUG 5372 --- [myapp] [http-nio-8080-exec-1] o.s.web.servlet.DispatcherServlet        : Completed 200 OK
2025-02-16T16:23:20.025+01:00 DEBUG 5372 --- [myapp] [http-nio-8080-exec-2] o.s.web.servlet.DispatcherServlet        : GET "/api/v1/users/getall", parameters={}
2025-02-16T16:23:20.025+01:00 DEBUG 5372 --- [myapp] [http-nio-8080-exec-2] s.w.s.m.m.a.RequestMappingHandlerMapping : Mapped to com.itacadam.myapp.api.UserController#getAllUser()
2025-02-16T16:23:20.026+01:00  INFO 5372 --- [myapp] [http-nio-8080-exec-2] c.itacadam.myapp.services.UserService    : Listado de usuarios
2025-02-16T16:23:20.035+01:00 DEBUG 5372 --- [myapp] [http-nio-8080-exec-2] m.m.a.RequestResponseBodyMethodProcessor : Using 'application/json', given [*/*] and supported [application/json, application/*+json]
2025-02-16T16:23:20.036+01:00 DEBUG 5372 --- [myapp] [http-nio-8080-exec-2] m.m.a.RequestResponseBodyMethodProcessor : Writing [[com.itacadam.myapp.models.User@84106843, com.itacadam.myapp.models.User@4fd81994]]
2025-02-16T16:23:20.038+01:00 DEBUG 5372 --- [myapp] [http-nio-8080-exec-2] o.s.web.servlet.DispatcherServlet        : Completed 200 OK
2025-02-16T17:26:36.795+01:00  INFO 14320 --- [myapp] [main] com.itacadam.myapp.MyappApplication      : Starting MyappApplication using Java 23.0.2 with PID 14320 (C:\Repos\EjemplosDAM\ProyectoADDI\DAMFinal\BE_API\target\classes started by luser in C:\Repos\EjemplosDAM\ProyectoADDI\DAMFinal)
2025-02-16T17:26:36.798+01:00  INFO 14320 --- [myapp] [main] com.itacadam.myapp.MyappApplication      : No active profile set, falling back to 1 default profile: "default"
2025-02-16T17:26:37.459+01:00  INFO 14320 --- [myapp] [main] .s.d.r.c.RepositoryConfigurationDelegate : Bootstrapping Spring Data JPA repositories in DEFAULT mode.
2025-02-16T17:26:37.526+01:00  INFO 14320 --- [myapp] [main] .s.d.r.c.RepositoryConfigurationDelegate : Finished Spring Data repository scanning in 58 ms. Found 3 JPA repository interfaces.
2025-02-16T17:26:38.021+01:00  INFO 14320 --- [myapp] [main] o.s.b.w.embedded.tomcat.TomcatWebServer  : Tomcat initialized with port 8080 (http)
2025-02-16T17:26:38.038+01:00  INFO 14320 --- [myapp] [main] o.apache.catalina.core.StandardService   : Starting service [Tomcat]
2025-02-16T17:26:38.039+01:00  INFO 14320 --- [myapp] [main] o.apache.catalina.core.StandardEngine    : Starting Servlet engine: [Apache Tomcat/10.1.34]
2025-02-16T17:26:38.102+01:00  INFO 14320 --- [myapp] [main] o.a.c.c.C.[Tomcat].[localhost].[/]       : Initializing Spring embedded WebApplicationContext
2025-02-16T17:26:38.103+01:00  INFO 14320 --- [myapp] [main] w.s.c.ServletWebServerApplicationContext : Root WebApplicationContext: initialization completed in 1243 ms
2025-02-16T17:26:38.251+01:00  INFO 14320 --- [myapp] [main] o.hibernate.jpa.internal.util.LogHelper  : HHH000204: Processing PersistenceUnitInfo [name: default]
2025-02-16T17:26:38.309+01:00  INFO 14320 --- [myapp] [main] org.hibernate.Version                    : HHH000412: Hibernate ORM core version 6.6.5.Final
2025-02-16T17:26:38.343+01:00  INFO 14320 --- [myapp] [main] o.h.c.internal.RegionFactoryInitiator    : HHH000026: Second-level cache disabled
2025-02-16T17:26:38.631+01:00  INFO 14320 --- [myapp] [main] o.s.o.j.p.SpringPersistenceUnitInfo      : No LoadTimeWeaver setup: ignoring JPA class transformer
2025-02-16T17:26:38.662+01:00  INFO 14320 --- [myapp] [main] com.zaxxer.hikari.HikariDataSource       : HikariPool-1 - Starting...
2025-02-16T17:26:39.003+01:00  INFO 14320 --- [myapp] [main] com.zaxxer.hikari.pool.HikariPool        : HikariPool-1 - Added connection com.mysql.cj.jdbc.ConnectionImpl@61c5fd78
2025-02-16T17:26:39.006+01:00  INFO 14320 --- [myapp] [main] com.zaxxer.hikari.HikariDataSource       : HikariPool-1 - Start completed.
2025-02-16T17:26:39.057+01:00  WARN 14320 --- [myapp] [main] org.hibernate.orm.deprecation            : HHH90000025: MySQL8Dialect does not need to be specified explicitly using 'hibernate.dialect' (remove the property setting and it will be selected by default)
2025-02-16T17:26:39.060+01:00  WARN 14320 --- [myapp] [main] org.hibernate.orm.deprecation            : HHH90000026: MySQL8Dialect has been deprecated; use org.hibernate.dialect.MySQLDialect instead
2025-02-16T17:26:39.080+01:00  INFO 14320 --- [myapp] [main] org.hibernate.orm.connections.pooling    : HHH10001005: Database info:
	Database JDBC URL [Connecting through datasource 'HikariDataSource (HikariPool-1)']
	Database driver: undefined/unknown
	Database version: 8.0
	Autocommit mode: undefined/unknown
	Isolation level: undefined/unknown
	Minimum pool size: undefined/unknown
	Maximum pool size: undefined/unknown
2025-02-16T17:26:39.844+01:00  INFO 14320 --- [myapp] [main] o.h.e.t.j.p.i.JtaPlatformInitiator       : HHH000489: No JTA platform available (set 'hibernate.transaction.jta.platform' to enable JTA platform integration)
2025-02-16T17:26:39.886+01:00  INFO 14320 --- [myapp] [main] j.LocalContainerEntityManagerFactoryBean : Initialized JPA EntityManagerFactory for persistence unit 'default'
2025-02-16T17:26:40.178+01:00  WARN 14320 --- [myapp] [main] JpaBaseConfiguration$JpaWebConfiguration : spring.jpa.open-in-view is enabled by default. Therefore, database queries may be performed during view rendering. Explicitly configure spring.jpa.open-in-view to disable this warning
2025-02-16T17:26:40.263+01:00 DEBUG 14320 --- [myapp] [main] s.w.s.m.m.a.RequestMappingHandlerMapping : 14 mappings in 'requestMappingHandlerMapping'
2025-02-16T17:26:40.335+01:00 DEBUG 14320 --- [myapp] [main] o.s.w.s.handler.SimpleUrlHandlerMapping  : Patterns [/webjars/**, /**] in 'resourceHandlerMapping'
2025-02-16T17:26:40.369+01:00 DEBUG 14320 --- [myapp] [main] s.w.s.m.m.a.RequestMappingHandlerAdapter : ControllerAdvice beans: 0 @ModelAttribute, 0 @InitBinder, 1 RequestBodyAdvice, 1 ResponseBodyAdvice
2025-02-16T17:26:40.433+01:00 DEBUG 14320 --- [myapp] [main] .m.m.a.ExceptionHandlerExceptionResolver : ControllerAdvice beans: 0 @ExceptionHandler, 1 ResponseBodyAdvice
2025-02-16T17:26:40.548+01:00  INFO 14320 --- [myapp] [main] o.s.b.w.embedded.tomcat.TomcatWebServer  : Tomcat started on port 8080 (http) with context path '/'
2025-02-16T17:26:40.556+01:00  INFO 14320 --- [myapp] [main] com.itacadam.myapp.MyappApplication      : Started MyappApplication in 4.229 seconds (process running for 5.141)
2025-02-16T17:27:21.495+01:00  INFO 14320 --- [myapp] [http-nio-8080-exec-1] o.a.c.c.C.[Tomcat].[localhost].[/]       : Initializing Spring DispatcherServlet 'dispatcherServlet'
2025-02-16T17:27:21.496+01:00  INFO 14320 --- [myapp] [http-nio-8080-exec-1] o.s.web.servlet.DispatcherServlet        : Initializing Servlet 'dispatcherServlet'
2025-02-16T17:27:21.496+01:00 DEBUG 14320 --- [myapp] [http-nio-8080-exec-1] o.s.web.servlet.DispatcherServlet        : Detected StandardServletMultipartResolver
2025-02-16T17:27:21.497+01:00 DEBUG 14320 --- [myapp] [http-nio-8080-exec-1] o.s.web.servlet.DispatcherServlet        : Detected AcceptHeaderLocaleResolver
2025-02-16T17:27:21.497+01:00 DEBUG 14320 --- [myapp] [http-nio-8080-exec-1] o.s.web.servlet.DispatcherServlet        : Detected FixedThemeResolver
2025-02-16T17:27:21.498+01:00 DEBUG 14320 --- [myapp] [http-nio-8080-exec-1] o.s.web.servlet.DispatcherServlet        : Detected org.springframework.web.servlet.view.DefaultRequestToViewNameTranslator@5cd6a827
2025-02-16T17:27:21.499+01:00 DEBUG 14320 --- [myapp] [http-nio-8080-exec-1] o.s.web.servlet.DispatcherServlet        : Detected org.springframework.web.servlet.support.SessionFlashMapManager@1735e1c4
2025-02-16T17:27:21.500+01:00 DEBUG 14320 --- [myapp] [http-nio-8080-exec-1] o.s.web.servlet.DispatcherServlet        : enableLoggingRequestDetails='false': request parameters and headers will be masked to prevent unsafe logging of potentially sensitive data
2025-02-16T17:27:21.501+01:00  INFO 14320 --- [myapp] [http-nio-8080-exec-1] o.s.web.servlet.DispatcherServlet        : Completed initialization in 5 ms
2025-02-16T17:27:21.513+01:00 DEBUG 14320 --- [myapp] [http-nio-8080-exec-1] o.s.web.servlet.DispatcherServlet        : GET "/api/v1/users/getall", parameters={}
2025-02-16T17:27:21.526+01:00 DEBUG 14320 --- [myapp] [http-nio-8080-exec-1] s.w.s.m.m.a.RequestMappingHandlerMapping : Mapped to com.itacadam.myapp.api.UserController#getAllUser()
2025-02-16T17:27:21.563+01:00  INFO 14320 --- [myapp] [http-nio-8080-exec-1] c.itacadam.myapp.services.UserService    : Listado de usuarios
2025-02-16T17:27:21.743+01:00 DEBUG 14320 --- [myapp] [http-nio-8080-exec-1] m.m.a.RequestResponseBodyMethodProcessor : Using 'application/json', given [*/*] and supported [application/json, application/*+json]
2025-02-16T17:27:21.745+01:00 DEBUG 14320 --- [myapp] [http-nio-8080-exec-1] m.m.a.RequestResponseBodyMethodProcessor : Writing [[com.itacadam.myapp.models.User@84106843, com.itacadam.myapp.models.User@4fd81994]]
2025-02-16T17:27:21.787+01:00 DEBUG 14320 --- [myapp] [http-nio-8080-exec-1] o.s.web.servlet.DispatcherServlet        : Completed 200 OK
2025-02-16T17:27:21.788+01:00 DEBUG 14320 --- [myapp] [http-nio-8080-exec-3] o.s.web.servlet.DispatcherServlet        : GET "/api/v1/users/getall", parameters={}
2025-02-16T17:27:21.789+01:00 DEBUG 14320 --- [myapp] [http-nio-8080-exec-3] s.w.s.m.m.a.RequestMappingHandlerMapping : Mapped to com.itacadam.myapp.api.UserController#getAllUser()
2025-02-16T17:27:21.790+01:00  INFO 14320 --- [myapp] [http-nio-8080-exec-3] c.itacadam.myapp.services.UserService    : Listado de usuarios
2025-02-16T17:27:21.797+01:00 DEBUG 14320 --- [myapp] [http-nio-8080-exec-3] m.m.a.RequestResponseBodyMethodProcessor : Using 'application/json', given [*/*] and supported [application/json, application/*+json]
2025-02-16T17:27:21.798+01:00 DEBUG 14320 --- [myapp] [http-nio-8080-exec-3] m.m.a.RequestResponseBodyMethodProcessor : Writing [[com.itacadam.myapp.models.User@84106843, com.itacadam.myapp.models.User@4fd81994]]
2025-02-16T17:27:21.799+01:00 DEBUG 14320 --- [myapp] [http-nio-8080-exec-3] o.s.web.servlet.DispatcherServlet        : Completed 200 OK
2025-02-16T17:27:23.219+01:00 DEBUG 14320 --- [myapp] [http-nio-8080-exec-2] o.s.web.servlet.DispatcherServlet        : GET "/api/v1/products/getall", parameters={}
2025-02-16T17:27:23.219+01:00 DEBUG 14320 --- [myapp] [http-nio-8080-exec-2] s.w.s.m.m.a.RequestMappingHandlerMapping : Mapped to com.itacadam.myapp.api.ProductController#getAllProducts()
2025-02-16T17:27:23.229+01:00 DEBUG 14320 --- [myapp] [http-nio-8080-exec-2] m.m.a.RequestResponseBodyMethodProcessor : Using 'application/json', given [*/*] and supported [application/json, application/*+json]
2025-02-16T17:27:23.230+01:00 DEBUG 14320 --- [myapp] [http-nio-8080-exec-2] m.m.a.RequestResponseBodyMethodProcessor : Writing [[com.itacadam.myapp.models.Product@d78f3add, com.itacadam.myapp.models.Product@d78f481a]]
2025-02-16T17:27:23.234+01:00 DEBUG 14320 --- [myapp] [http-nio-8080-exec-2] o.s.web.servlet.DispatcherServlet        : Completed 200 OK
2025-02-16T17:27:32.103+01:00 DEBUG 14320 --- [myapp] [http-nio-8080-exec-5] o.s.web.servlet.DispatcherServlet        : GET "/api/v1/users/getall", parameters={}
2025-02-16T17:27:32.104+01:00 DEBUG 14320 --- [myapp] [http-nio-8080-exec-5] s.w.s.m.m.a.RequestMappingHandlerMapping : Mapped to com.itacadam.myapp.api.UserController#getAllUser()
2025-02-16T17:27:32.105+01:00  INFO 14320 --- [myapp] [http-nio-8080-exec-5] c.itacadam.myapp.services.UserService    : Listado de usuarios
2025-02-16T17:27:32.111+01:00 DEBUG 14320 --- [myapp] [http-nio-8080-exec-5] m.m.a.RequestResponseBodyMethodProcessor : Using 'application/json', given [*/*] and supported [application/json, application/*+json]
2025-02-16T17:27:32.111+01:00 DEBUG 14320 --- [myapp] [http-nio-8080-exec-5] m.m.a.RequestResponseBodyMethodProcessor : Writing [[com.itacadam.myapp.models.User@84106843, com.itacadam.myapp.models.User@4fd81994]]
2025-02-16T17:27:32.113+01:00 DEBUG 14320 --- [myapp] [http-nio-8080-exec-5] o.s.web.servlet.DispatcherServlet        : Completed 200 OK
2025-02-16T17:27:32.386+01:00 DEBUG 14320 --- [myapp] [http-nio-8080-exec-7] o.s.web.servlet.DispatcherServlet        : GET "/api/v1/orders/getall", parameters={}
2025-02-16T17:27:32.387+01:00 DEBUG 14320 --- [myapp] [http-nio-8080-exec-7] s.w.s.m.m.a.RequestMappingHandlerMapping : Mapped to com.itacadam.myapp.api.OrderController#getAllOrders()
2025-02-16T17:27:32.395+01:00 DEBUG 14320 --- [myapp] [http-nio-8080-exec-7] m.m.a.RequestResponseBodyMethodProcessor : Using 'application/json', given [*/*] and supported [application/json, application/*+json]
2025-02-16T17:27:32.396+01:00 DEBUG 14320 --- [myapp] [http-nio-8080-exec-7] m.m.a.RequestResponseBodyMethodProcessor : Writing [[com.itacadam.myapp.models.Order@a10051fa, com.itacadam.myapp.models.Order@56d3045c, com.itacadam.my (truncated)...]
2025-02-16T17:27:32.398+01:00 DEBUG 14320 --- [myapp] [http-nio-8080-exec-7] o.s.web.servlet.DispatcherServlet        : Completed 200 OK
2025-02-16T17:27:39.492+01:00 DEBUG 14320 --- [myapp] [http-nio-8080-exec-4] o.s.web.servlet.DispatcherServlet        : OPTIONS "/api/v1/orders", parameters={}
2025-02-16T17:27:39.493+01:00 DEBUG 14320 --- [myapp] [http-nio-8080-exec-4] s.w.s.m.m.a.RequestMappingHandlerMapping : Mapped to com.itacadam.myapp.api.OrderController#createOrder(OrderCreationRequest)
2025-02-16T17:27:39.495+01:00 DEBUG 14320 --- [myapp] [http-nio-8080-exec-4] o.s.web.servlet.DispatcherServlet        : Completed 200 OK
2025-02-16T17:27:39.499+01:00 DEBUG 14320 --- [myapp] [http-nio-8080-exec-10] o.s.web.servlet.DispatcherServlet        : POST "/api/v1/orders", parameters={}
2025-02-16T17:27:39.500+01:00 DEBUG 14320 --- [myapp] [http-nio-8080-exec-10] s.w.s.m.m.a.RequestMappingHandlerMapping : Mapped to com.itacadam.myapp.api.OrderController#createOrder(OrderCreationRequest)
2025-02-16T17:27:39.548+01:00 DEBUG 14320 --- [myapp] [http-nio-8080-exec-10] m.m.a.RequestResponseBodyMethodProcessor : Read "application/json;charset=UTF-8" to [OrderCreationRequest[descripcion=1 x perrete<EOL>1 x perrico, precio=24.0, estado=Pedido, comprador=javi (truncated)...]
2025-02-16T17:27:39.602+01:00 DEBUG 14320 --- [myapp] [http-nio-8080-exec-10] m.m.a.RequestResponseBodyMethodProcessor : Using 'application/json', given [*/*] and supported [application/json, application/*+json]
2025-02-16T17:27:39.603+01:00 DEBUG 14320 --- [myapp] [http-nio-8080-exec-10] m.m.a.RequestResponseBodyMethodProcessor : Writing [com.itacadam.myapp.models.Order@ece37161]
2025-02-16T17:27:39.604+01:00 DEBUG 14320 --- [myapp] [http-nio-8080-exec-10] o.s.web.servlet.DispatcherServlet        : Completed 200 OK
2025-02-16T17:27:39.658+01:00 DEBUG 14320 --- [myapp] [http-nio-8080-exec-8] o.s.web.servlet.DispatcherServlet        : GET "/api/v1/orders/getall", parameters={}
2025-02-16T17:27:39.660+01:00 DEBUG 14320 --- [myapp] [http-nio-8080-exec-8] s.w.s.m.m.a.RequestMappingHandlerMapping : Mapped to com.itacadam.myapp.api.OrderController#getAllOrders()
2025-02-16T17:27:39.667+01:00 DEBUG 14320 --- [myapp] [http-nio-8080-exec-8] m.m.a.RequestResponseBodyMethodProcessor : Using 'application/json', given [*/*] and supported [application/json, application/*+json]
2025-02-16T17:27:39.668+01:00 DEBUG 14320 --- [myapp] [http-nio-8080-exec-8] m.m.a.RequestResponseBodyMethodProcessor : Writing [[com.itacadam.myapp.models.Order@a10051fa, com.itacadam.myapp.models.Order@56d3045c, com.itacadam.my (truncated)...]
2025-02-16T17:27:39.669+01:00 DEBUG 14320 --- [myapp] [http-nio-8080-exec-8] o.s.web.servlet.DispatcherServlet        : Completed 200 OK
2025-02-16T17:27:40.709+01:00 DEBUG 14320 --- [myapp] [http-nio-8080-exec-6] o.s.web.servlet.DispatcherServlet        : GET "/api/v1/orders/getall", parameters={}
2025-02-16T17:27:40.709+01:00 DEBUG 14320 --- [myapp] [http-nio-8080-exec-6] s.w.s.m.m.a.RequestMappingHandlerMapping : Mapped to com.itacadam.myapp.api.OrderController#getAllOrders()
2025-02-16T17:27:40.709+01:00 DEBUG 14320 --- [myapp] [http-nio-8080-exec-6] m.m.a.RequestResponseBodyMethodProcessor : Using 'application/json', given [*/*] and supported [application/json, application/*+json]
2025-02-16T17:27:40.709+01:00 DEBUG 14320 --- [myapp] [http-nio-8080-exec-6] m.m.a.RequestResponseBodyMethodProcessor : Writing [[com.itacadam.myapp.models.Order@a10051fa, com.itacadam.myapp.models.Order@56d3045c, com.itacadam.my (truncated)...]
2025-02-16T17:27:40.709+01:00 DEBUG 14320 --- [myapp] [http-nio-8080-exec-6] o.s.web.servlet.DispatcherServlet        : Completed 200 OK
2025-02-16T17:28:05.791+01:00 DEBUG 14320 --- [myapp] [http-nio-8080-exec-9] o.s.web.servlet.DispatcherServlet        : GET "/api/v1/users/getall", parameters={}
2025-02-16T17:28:05.792+01:00 DEBUG 14320 --- [myapp] [http-nio-8080-exec-9] s.w.s.m.m.a.RequestMappingHandlerMapping : Mapped to com.itacadam.myapp.api.UserController#getAllUser()
2025-02-16T17:28:05.793+01:00  INFO 14320 --- [myapp] [http-nio-8080-exec-9] c.itacadam.myapp.services.UserService    : Listado de usuarios
2025-02-16T17:28:05.800+01:00 DEBUG 14320 --- [myapp] [http-nio-8080-exec-9] m.m.a.RequestResponseBodyMethodProcessor : Using 'application/json', given [*/*] and supported [application/json, application/*+json]
2025-02-16T17:28:05.800+01:00 DEBUG 14320 --- [myapp] [http-nio-8080-exec-9] m.m.a.RequestResponseBodyMethodProcessor : Writing [[com.itacadam.myapp.models.User@84106843, com.itacadam.myapp.models.User@4fd81994]]
2025-02-16T17:28:05.801+01:00 DEBUG 14320 --- [myapp] [http-nio-8080-exec-9] o.s.web.servlet.DispatcherServlet        : Completed 200 OK
2025-02-16T17:28:10.018+01:00 DEBUG 14320 --- [myapp] [http-nio-8080-exec-1] o.s.web.servlet.DispatcherServlet        : OPTIONS "/api/v1/products/7", parameters={}
2025-02-16T17:28:10.020+01:00 DEBUG 14320 --- [myapp] [http-nio-8080-exec-1] s.w.s.m.m.a.RequestMappingHandlerMapping : Mapped to com.itacadam.myapp.api.ProductController#deleteProduct(long)
2025-02-16T17:28:10.020+01:00 DEBUG 14320 --- [myapp] [http-nio-8080-exec-1] o.s.web.servlet.DispatcherServlet        : Completed 200 OK
2025-02-16T17:28:10.022+01:00 DEBUG 14320 --- [myapp] [http-nio-8080-exec-3] o.s.web.servlet.DispatcherServlet        : DELETE "/api/v1/products/7", parameters={}
2025-02-16T17:28:10.023+01:00 DEBUG 14320 --- [myapp] [http-nio-8080-exec-3] s.w.s.m.m.a.RequestMappingHandlerMapping : Mapped to com.itacadam.myapp.api.ProductController#deleteProduct(long)
2025-02-16T17:28:10.055+01:00 DEBUG 14320 --- [myapp] [http-nio-8080-exec-3] m.m.a.RequestResponseBodyMethodProcessor : Using 'application/json', given [*/*] and supported [application/json, application/*+json]
2025-02-16T17:28:10.055+01:00 DEBUG 14320 --- [myapp] [http-nio-8080-exec-3] m.m.a.RequestResponseBodyMethodProcessor : Nothing to write: null body
2025-02-16T17:28:10.056+01:00 DEBUG 14320 --- [myapp] [http-nio-8080-exec-3] o.s.web.servlet.DispatcherServlet        : Completed 200 OK
2025-02-16T17:28:10.070+01:00 DEBUG 14320 --- [myapp] [http-nio-8080-exec-2] o.s.web.servlet.DispatcherServlet        : GET "/api/v1/products/getall", parameters={}
2025-02-16T17:28:10.071+01:00 DEBUG 14320 --- [myapp] [http-nio-8080-exec-2] s.w.s.m.m.a.RequestMappingHandlerMapping : Mapped to com.itacadam.myapp.api.ProductController#getAllProducts()
2025-02-16T17:28:10.077+01:00 DEBUG 14320 --- [myapp] [http-nio-8080-exec-2] m.m.a.RequestResponseBodyMethodProcessor : Using 'application/json', given [*/*] and supported [application/json, application/*+json]
2025-02-16T17:28:10.078+01:00 DEBUG 14320 --- [myapp] [http-nio-8080-exec-2] m.m.a.RequestResponseBodyMethodProcessor : Writing [[com.itacadam.myapp.models.Product@d78f3add]]
2025-02-16T17:28:10.079+01:00 DEBUG 14320 --- [myapp] [http-nio-8080-exec-2] o.s.web.servlet.DispatcherServlet        : Completed 200 OK
2025-02-16T17:28:10.509+01:00 DEBUG 14320 --- [myapp] [http-nio-8080-exec-5] o.s.web.servlet.DispatcherServlet        : OPTIONS "/api/v1/products/5", parameters={}
2025-02-16T17:28:10.509+01:00 DEBUG 14320 --- [myapp] [http-nio-8080-exec-5] s.w.s.m.m.a.RequestMappingHandlerMapping : Mapped to com.itacadam.myapp.api.ProductController#deleteProduct(long)
2025-02-16T17:28:10.509+01:00 DEBUG 14320 --- [myapp] [http-nio-8080-exec-5] o.s.web.servlet.DispatcherServlet        : Completed 200 OK
2025-02-16T17:28:10.509+01:00 DEBUG 14320 --- [myapp] [http-nio-8080-exec-7] o.s.web.servlet.DispatcherServlet        : DELETE "/api/v1/products/5", parameters={}
2025-02-16T17:28:10.509+01:00 DEBUG 14320 --- [myapp] [http-nio-8080-exec-7] s.w.s.m.m.a.RequestMappingHandlerMapping : Mapped to com.itacadam.myapp.api.ProductController#deleteProduct(long)
2025-02-16T17:28:10.526+01:00 DEBUG 14320 --- [myapp] [http-nio-8080-exec-7] m.m.a.RequestResponseBodyMethodProcessor : Using 'application/json', given [*/*] and supported [application/json, application/*+json]
2025-02-16T17:28:10.526+01:00 DEBUG 14320 --- [myapp] [http-nio-8080-exec-7] m.m.a.RequestResponseBodyMethodProcessor : Nothing to write: null body
2025-02-16T17:28:10.526+01:00 DEBUG 14320 --- [myapp] [http-nio-8080-exec-7] o.s.web.servlet.DispatcherServlet        : Completed 200 OK
2025-02-16T17:28:10.551+01:00 DEBUG 14320 --- [myapp] [http-nio-8080-exec-4] o.s.web.servlet.DispatcherServlet        : GET "/api/v1/products/getall", parameters={}
2025-02-16T17:28:10.551+01:00 DEBUG 14320 --- [myapp] [http-nio-8080-exec-4] s.w.s.m.m.a.RequestMappingHandlerMapping : Mapped to com.itacadam.myapp.api.ProductController#getAllProducts()
2025-02-16T17:28:10.551+01:00 DEBUG 14320 --- [myapp] [http-nio-8080-exec-4] m.m.a.RequestResponseBodyMethodProcessor : Using 'application/json', given [*/*] and supported [application/json, application/*+json]
2025-02-16T17:28:10.559+01:00 DEBUG 14320 --- [myapp] [http-nio-8080-exec-4] m.m.a.RequestResponseBodyMethodProcessor : Writing [[]]
2025-02-16T17:28:10.560+01:00 DEBUG 14320 --- [myapp] [http-nio-8080-exec-4] o.s.web.servlet.DispatcherServlet        : Completed 200 OK
2025-02-16T17:28:26.091+01:00 DEBUG 14320 --- [myapp] [http-nio-8080-exec-8] o.s.web.servlet.DispatcherServlet        : OPTIONS "/api/v1/products", parameters={}
2025-02-16T17:28:26.091+01:00 DEBUG 14320 --- [myapp] [http-nio-8080-exec-8] s.w.s.m.m.a.RequestMappingHandlerMapping : Mapped to com.itacadam.myapp.api.ProductController#createProduct(ProductCreationRequest)
2025-02-16T17:28:26.092+01:00 DEBUG 14320 --- [myapp] [http-nio-8080-exec-8] o.s.web.servlet.DispatcherServlet        : Completed 200 OK
2025-02-16T17:28:26.095+01:00 DEBUG 14320 --- [myapp] [http-nio-8080-exec-6] o.s.web.servlet.DispatcherServlet        : POST "/api/v1/products", parameters={}
2025-02-16T17:28:26.095+01:00 DEBUG 14320 --- [myapp] [http-nio-8080-exec-6] s.w.s.m.m.a.RequestMappingHandlerMapping : Mapped to com.itacadam.myapp.api.ProductController#createProduct(ProductCreationRequest)
2025-02-16T17:28:26.103+01:00 DEBUG 14320 --- [myapp] [http-nio-8080-exec-6] m.m.a.RequestResponseBodyMethodProcessor : Read "application/json;charset=UTF-8" to [ProductCreationRequest[nombre=perrin1, descripcion=asdf, imagenPath=blob:http://localhost:64217/4136 (truncated)...]
2025-02-16T17:28:26.114+01:00 DEBUG 14320 --- [myapp] [http-nio-8080-exec-6] m.m.a.RequestResponseBodyMethodProcessor : Using 'application/json', given [*/*] and supported [application/json, application/*+json]
2025-02-16T17:28:26.115+01:00 DEBUG 14320 --- [myapp] [http-nio-8080-exec-6] m.m.a.RequestResponseBodyMethodProcessor : Writing [com.itacadam.myapp.models.Product@d78f4950]
2025-02-16T17:28:26.116+01:00 DEBUG 14320 --- [myapp] [http-nio-8080-exec-6] o.s.web.servlet.DispatcherServlet        : Completed 200 OK
2025-02-16T17:28:26.307+01:00 DEBUG 14320 --- [myapp] [http-nio-8080-exec-9] o.s.web.servlet.DispatcherServlet        : GET "/api/v1/products/getall", parameters={}
2025-02-16T17:28:26.308+01:00 DEBUG 14320 --- [myapp] [http-nio-8080-exec-9] s.w.s.m.m.a.RequestMappingHandlerMapping : Mapped to com.itacadam.myapp.api.ProductController#getAllProducts()
2025-02-16T17:28:26.314+01:00 DEBUG 14320 --- [myapp] [http-nio-8080-exec-9] m.m.a.RequestResponseBodyMethodProcessor : Using 'application/json', given [*/*] and supported [application/json, application/*+json]
2025-02-16T17:28:26.315+01:00 DEBUG 14320 --- [myapp] [http-nio-8080-exec-9] m.m.a.RequestResponseBodyMethodProcessor : Writing [[com.itacadam.myapp.models.Product@d78f4950]]
2025-02-16T17:28:26.316+01:00 DEBUG 14320 --- [myapp] [http-nio-8080-exec-9] o.s.web.servlet.DispatcherServlet        : Completed 200 OK
2025-02-16T17:28:27.238+01:00 DEBUG 14320 --- [myapp] [http-nio-8080-exec-1] o.s.web.servlet.DispatcherServlet        : GET "/api/v1/products/getall", parameters={}
2025-02-16T17:28:27.238+01:00 DEBUG 14320 --- [myapp] [http-nio-8080-exec-1] s.w.s.m.m.a.RequestMappingHandlerMapping : Mapped to com.itacadam.myapp.api.ProductController#getAllProducts()
2025-02-16T17:28:27.245+01:00 DEBUG 14320 --- [myapp] [http-nio-8080-exec-1] m.m.a.RequestResponseBodyMethodProcessor : Using 'application/json', given [*/*] and supported [application/json, application/*+json]
2025-02-16T17:28:27.245+01:00 DEBUG 14320 --- [myapp] [http-nio-8080-exec-1] m.m.a.RequestResponseBodyMethodProcessor : Writing [[com.itacadam.myapp.models.Product@d78f4950]]
2025-02-16T17:28:27.247+01:00 DEBUG 14320 --- [myapp] [http-nio-8080-exec-1] o.s.web.servlet.DispatcherServlet        : Completed 200 OK
2025-02-16T17:28:41.505+01:00 DEBUG 14320 --- [myapp] [http-nio-8080-exec-3] o.s.web.servlet.DispatcherServlet        : POST "/api/v1/products", parameters={}
2025-02-16T17:28:41.506+01:00 DEBUG 14320 --- [myapp] [http-nio-8080-exec-3] s.w.s.m.m.a.RequestMappingHandlerMapping : Mapped to com.itacadam.myapp.api.ProductController#createProduct(ProductCreationRequest)
2025-02-16T17:28:41.507+01:00 DEBUG 14320 --- [myapp] [http-nio-8080-exec-3] m.m.a.RequestResponseBodyMethodProcessor : Read "application/json;charset=UTF-8" to [ProductCreationRequest[nombre=perrin2, descripcion=asf, imagenPath=blob:http://localhost:64217/97f22 (truncated)...]
2025-02-16T17:28:41.517+01:00 DEBUG 14320 --- [myapp] [http-nio-8080-exec-3] m.m.a.RequestResponseBodyMethodProcessor : Using 'application/json', given [*/*] and supported [application/json, application/*+json]
2025-02-16T17:28:41.517+01:00 DEBUG 14320 --- [myapp] [http-nio-8080-exec-3] m.m.a.RequestResponseBodyMethodProcessor : Writing [com.itacadam.myapp.models.Product@d78f4970]
2025-02-16T17:28:41.519+01:00 DEBUG 14320 --- [myapp] [http-nio-8080-exec-3] o.s.web.servlet.DispatcherServlet        : Completed 200 OK
2025-02-16T17:28:41.778+01:00 DEBUG 14320 --- [myapp] [http-nio-8080-exec-2] o.s.web.servlet.DispatcherServlet        : GET "/api/v1/products/getall", parameters={}
2025-02-16T17:28:41.778+01:00 DEBUG 14320 --- [myapp] [http-nio-8080-exec-2] s.w.s.m.m.a.RequestMappingHandlerMapping : Mapped to com.itacadam.myapp.api.ProductController#getAllProducts()
2025-02-16T17:28:41.784+01:00 DEBUG 14320 --- [myapp] [http-nio-8080-exec-2] m.m.a.RequestResponseBodyMethodProcessor : Using 'application/json', given [*/*] and supported [application/json, application/*+json]
2025-02-16T17:28:41.785+01:00 DEBUG 14320 --- [myapp] [http-nio-8080-exec-2] m.m.a.RequestResponseBodyMethodProcessor : Writing [[com.itacadam.myapp.models.Product@d78f4950, com.itacadam.myapp.models.Product@d78f4970]]
2025-02-16T17:28:41.786+01:00 DEBUG 14320 --- [myapp] [http-nio-8080-exec-2] o.s.web.servlet.DispatcherServlet        : Completed 200 OK
2025-02-16T17:28:42.186+01:00 DEBUG 14320 --- [myapp] [http-nio-8080-exec-5] o.s.web.servlet.DispatcherServlet        : GET "/api/v1/products/getall", parameters={}
2025-02-16T17:28:42.187+01:00 DEBUG 14320 --- [myapp] [http-nio-8080-exec-5] s.w.s.m.m.a.RequestMappingHandlerMapping : Mapped to com.itacadam.myapp.api.ProductController#getAllProducts()
2025-02-16T17:28:42.193+01:00 DEBUG 14320 --- [myapp] [http-nio-8080-exec-5] m.m.a.RequestResponseBodyMethodProcessor : Using 'application/json', given [*/*] and supported [application/json, application/*+json]
2025-02-16T17:28:42.194+01:00 DEBUG 14320 --- [myapp] [http-nio-8080-exec-5] m.m.a.RequestResponseBodyMethodProcessor : Writing [[com.itacadam.myapp.models.Product@d78f4950, com.itacadam.myapp.models.Product@d78f4970]]
2025-02-16T17:28:42.195+01:00 DEBUG 14320 --- [myapp] [http-nio-8080-exec-5] o.s.web.servlet.DispatcherServlet        : Completed 200 OK
2025-02-16T17:28:48.902+01:00 DEBUG 14320 --- [myapp] [http-nio-8080-exec-7] o.s.web.servlet.DispatcherServlet        : GET "/api/v1/users/getall", parameters={}
2025-02-16T17:28:48.903+01:00 DEBUG 14320 --- [myapp] [http-nio-8080-exec-7] s.w.s.m.m.a.RequestMappingHandlerMapping : Mapped to com.itacadam.myapp.api.UserController#getAllUser()
2025-02-16T17:28:48.903+01:00  INFO 14320 --- [myapp] [http-nio-8080-exec-7] c.itacadam.myapp.services.UserService    : Listado de usuarios
2025-02-16T17:28:48.910+01:00 DEBUG 14320 --- [myapp] [http-nio-8080-exec-7] m.m.a.RequestResponseBodyMethodProcessor : Using 'application/json', given [*/*] and supported [application/json, application/*+json]
2025-02-16T17:28:48.910+01:00 DEBUG 14320 --- [myapp] [http-nio-8080-exec-7] m.m.a.RequestResponseBodyMethodProcessor : Writing [[com.itacadam.myapp.models.User@84106843, com.itacadam.myapp.models.User@4fd81994]]
2025-02-16T17:28:48.912+01:00 DEBUG 14320 --- [myapp] [http-nio-8080-exec-7] o.s.web.servlet.DispatcherServlet        : Completed 200 OK
2025-02-16T17:28:56.421+01:00 DEBUG 14320 --- [myapp] [http-nio-8080-exec-4] o.s.web.servlet.DispatcherServlet        : POST "/api/v1/orders", parameters={}
2025-02-16T17:28:56.422+01:00 DEBUG 14320 --- [myapp] [http-nio-8080-exec-4] s.w.s.m.m.a.RequestMappingHandlerMapping : Mapped to com.itacadam.myapp.api.OrderController#createOrder(OrderCreationRequest)
2025-02-16T17:28:56.423+01:00 DEBUG 14320 --- [myapp] [http-nio-8080-exec-4] m.m.a.RequestResponseBodyMethodProcessor : Read "application/json;charset=UTF-8" to [OrderCreationRequest[descripcion=1 x perrin1<EOL>3 x perrin2, precio=15.0, estado=Pedido, comprador=javi (truncated)...]
2025-02-16T17:28:56.434+01:00 DEBUG 14320 --- [myapp] [http-nio-8080-exec-4] m.m.a.RequestResponseBodyMethodProcessor : Using 'application/json', given [*/*] and supported [application/json, application/*+json]
2025-02-16T17:28:56.435+01:00 DEBUG 14320 --- [myapp] [http-nio-8080-exec-4] m.m.a.RequestResponseBodyMethodProcessor : Writing [com.itacadam.myapp.models.Order@e84da732]
2025-02-16T17:28:56.436+01:00 DEBUG 14320 --- [myapp] [http-nio-8080-exec-4] o.s.web.servlet.DispatcherServlet        : Completed 200 OK
2025-02-16T17:28:56.641+01:00 DEBUG 14320 --- [myapp] [http-nio-8080-exec-10] o.s.web.servlet.DispatcherServlet        : GET "/api/v1/orders/getall", parameters={}
2025-02-16T17:28:56.642+01:00 DEBUG 14320 --- [myapp] [http-nio-8080-exec-10] s.w.s.m.m.a.RequestMappingHandlerMapping : Mapped to com.itacadam.myapp.api.OrderController#getAllOrders()
2025-02-16T17:28:56.649+01:00 DEBUG 14320 --- [myapp] [http-nio-8080-exec-10] m.m.a.RequestResponseBodyMethodProcessor : Using 'application/json', given [*/*] and supported [application/json, application/*+json]
2025-02-16T17:28:56.649+01:00 DEBUG 14320 --- [myapp] [http-nio-8080-exec-10] m.m.a.RequestResponseBodyMethodProcessor : Writing [[com.itacadam.myapp.models.Order@a10051fa, com.itacadam.myapp.models.Order@56d3045c, com.itacadam.my (truncated)...]
2025-02-16T17:28:56.650+01:00 DEBUG 14320 --- [myapp] [http-nio-8080-exec-10] o.s.web.servlet.DispatcherServlet        : Completed 200 OK
2025-02-16T17:29:00.093+01:00 DEBUG 14320 --- [myapp] [http-nio-8080-exec-8] o.s.web.servlet.DispatcherServlet        : GET "/api/v1/orders/getall", parameters={}
2025-02-16T17:29:00.093+01:00 DEBUG 14320 --- [myapp] [http-nio-8080-exec-8] s.w.s.m.m.a.RequestMappingHandlerMapping : Mapped to com.itacadam.myapp.api.OrderController#getAllOrders()
2025-02-16T17:29:00.110+01:00 DEBUG 14320 --- [myapp] [http-nio-8080-exec-8] m.m.a.RequestResponseBodyMethodProcessor : Using 'application/json', given [*/*] and supported [application/json, application/*+json]
2025-02-16T17:29:00.110+01:00 DEBUG 14320 --- [myapp] [http-nio-8080-exec-8] m.m.a.RequestResponseBodyMethodProcessor : Writing [[com.itacadam.myapp.models.Order@a10051fa, com.itacadam.myapp.models.Order@56d3045c, com.itacadam.my (truncated)...]
2025-02-16T17:29:00.110+01:00 DEBUG 14320 --- [myapp] [http-nio-8080-exec-8] o.s.web.servlet.DispatcherServlet        : Completed 200 OK
